

Started GET "/" for 127.0.0.1 at 2014-08-31 18:02:00 -0700
Processing by Rails::WelcomeController#index as HTML
  Rendered /home/sundar/.rvm/gems/ruby-2.1.1/gems/railties-4.1.5/lib/rails/templates/rails/welcome/index.html.erb (4.0ms)
Completed 200 OK in 56ms (Views: 20.5ms | ActiveRecord: 0.0ms)
  [1m[36m (20.5ms)[0m  [1mCREATE TABLE "schema_migrations" ("version" varchar(255) NOT NULL) [0m
  [1m[35m (0.2ms)[0m  select sqlite_version(*)
  [1m[36m (21.0ms)[0m  [1mCREATE UNIQUE INDEX "unique_schema_migrations" ON "schema_migrations" ("version")[0m
  [1m[35mActiveRecord::SchemaMigration Load (0.2ms)[0m  SELECT "schema_migrations".* FROM "schema_migrations"
  [1m[36mActiveRecord::SchemaMigration Load (0.1ms)[0m  [1mSELECT "schema_migrations".* FROM "schema_migrations"[0m
  [1m[36mActiveRecord::SchemaMigration Load (0.1ms)[0m  [1mSELECT "schema_migrations".* FROM "schema_migrations"[0m


Started GET "/" for 127.0.0.1 at 2014-08-31 19:26:46 -0700
Processing by Rails::WelcomeController#index as HTML
  Rendered /home/sundar/.rvm/gems/ruby-2.1.1/gems/railties-4.1.5/lib/rails/templates/rails/welcome/index.html.erb (1.6ms)
Completed 200 OK in 17ms (Views: 7.4ms | ActiveRecord: 0.0ms)


Started GET "/" for 127.0.0.1 at 2014-08-31 19:30:24 -0700

ActionController::RoutingError (uninitialized constant WelcomeController):
  activesupport (4.1.5) lib/active_support/inflector/methods.rb:238:in `const_get'
  activesupport (4.1.5) lib/active_support/inflector/methods.rb:238:in `block in constantize'
  activesupport (4.1.5) lib/active_support/inflector/methods.rb:236:in `each'
  activesupport (4.1.5) lib/active_support/inflector/methods.rb:236:in `inject'
  activesupport (4.1.5) lib/active_support/inflector/methods.rb:236:in `constantize'
  actionpack (4.1.5) lib/action_dispatch/routing/route_set.rb:78:in `controller_reference'
  actionpack (4.1.5) lib/action_dispatch/routing/route_set.rb:68:in `controller'
  actionpack (4.1.5) lib/action_dispatch/routing/route_set.rb:46:in `call'
  actionpack (4.1.5) lib/action_dispatch/journey/router.rb:71:in `block in call'
  actionpack (4.1.5) lib/action_dispatch/journey/router.rb:59:in `each'
  actionpack (4.1.5) lib/action_dispatch/journey/router.rb:59:in `call'
  actionpack (4.1.5) lib/action_dispatch/routing/route_set.rb:678:in `call'
  rack (1.5.2) lib/rack/etag.rb:23:in `call'
  rack (1.5.2) lib/rack/conditionalget.rb:25:in `call'
  rack (1.5.2) lib/rack/head.rb:11:in `call'
  actionpack (4.1.5) lib/action_dispatch/middleware/params_parser.rb:27:in `call'
  actionpack (4.1.5) lib/action_dispatch/middleware/flash.rb:254:in `call'
  rack (1.5.2) lib/rack/session/abstract/id.rb:225:in `context'
  rack (1.5.2) lib/rack/session/abstract/id.rb:220:in `call'
  actionpack (4.1.5) lib/action_dispatch/middleware/cookies.rb:560:in `call'
  activerecord (4.1.5) lib/active_record/query_cache.rb:36:in `call'
  activerecord (4.1.5) lib/active_record/connection_adapters/abstract/connection_pool.rb:621:in `call'
  activerecord (4.1.5) lib/active_record/migration.rb:380:in `call'
  actionpack (4.1.5) lib/action_dispatch/middleware/callbacks.rb:29:in `block in call'
  activesupport (4.1.5) lib/active_support/callbacks.rb:82:in `run_callbacks'
  actionpack (4.1.5) lib/action_dispatch/middleware/callbacks.rb:27:in `call'
  actionpack (4.1.5) lib/action_dispatch/middleware/reloader.rb:73:in `call'
  actionpack (4.1.5) lib/action_dispatch/middleware/remote_ip.rb:76:in `call'
  actionpack (4.1.5) lib/action_dispatch/middleware/debug_exceptions.rb:17:in `call'
  actionpack (4.1.5) lib/action_dispatch/middleware/show_exceptions.rb:30:in `call'
  railties (4.1.5) lib/rails/rack/logger.rb:38:in `call_app'
  railties (4.1.5) lib/rails/rack/logger.rb:20:in `block in call'
  activesupport (4.1.5) lib/active_support/tagged_logging.rb:68:in `block in tagged'
  activesupport (4.1.5) lib/active_support/tagged_logging.rb:26:in `tagged'
  activesupport (4.1.5) lib/active_support/tagged_logging.rb:68:in `tagged'
  railties (4.1.5) lib/rails/rack/logger.rb:20:in `call'
  actionpack (4.1.5) lib/action_dispatch/middleware/request_id.rb:21:in `call'
  rack (1.5.2) lib/rack/methodoverride.rb:21:in `call'
  rack (1.5.2) lib/rack/runtime.rb:17:in `call'
  activesupport (4.1.5) lib/active_support/cache/strategy/local_cache_middleware.rb:26:in `call'
  rack (1.5.2) lib/rack/lock.rb:17:in `call'
  actionpack (4.1.5) lib/action_dispatch/middleware/static.rb:64:in `call'
  rack (1.5.2) lib/rack/sendfile.rb:112:in `call'
  railties (4.1.5) lib/rails/engine.rb:514:in `call'
  railties (4.1.5) lib/rails/application.rb:144:in `call'
  rack (1.5.2) lib/rack/lock.rb:17:in `call'
  rack (1.5.2) lib/rack/content_length.rb:14:in `call'
  rack (1.5.2) lib/rack/handler/webrick.rb:60:in `service'
  /home/sundar/.rvm/rubies/ruby-2.1.1/lib/ruby/2.1.0/webrick/httpserver.rb:138:in `service'
  /home/sundar/.rvm/rubies/ruby-2.1.1/lib/ruby/2.1.0/webrick/httpserver.rb:94:in `run'
  /home/sundar/.rvm/rubies/ruby-2.1.1/lib/ruby/2.1.0/webrick/server.rb:295:in `block in start_thread'


  Rendered /home/sundar/.rvm/gems/ruby-2.1.1/gems/actionpack-4.1.5/lib/action_dispatch/middleware/templates/rescues/_trace.html.erb (1.0ms)
  Rendered /home/sundar/.rvm/gems/ruby-2.1.1/gems/actionpack-4.1.5/lib/action_dispatch/middleware/templates/routes/_route.html.erb (0.5ms)
  Rendered /home/sundar/.rvm/gems/ruby-2.1.1/gems/actionpack-4.1.5/lib/action_dispatch/middleware/templates/routes/_table.html.erb (13.6ms)
  Rendered /home/sundar/.rvm/gems/ruby-2.1.1/gems/actionpack-4.1.5/lib/action_dispatch/middleware/templates/rescues/routing_error.html.erb within rescues/layout (42.6ms)


Started GET "/" for 127.0.0.1 at 2014-08-31 19:34:04 -0700
Processing by WelcomeController#index as HTML
  Rendered welcome/index.html.erb within layouts/application (1.0ms)
Completed 200 OK in 233ms (Views: 218.7ms | ActiveRecord: 0.0ms)


Started GET "/assets/welcome.css?body=1" for 127.0.0.1 at 2014-08-31 19:34:05 -0700


Started GET "/assets/welcome.js?body=1" for 127.0.0.1 at 2014-08-31 19:34:05 -0700


Started GET "/assets/turbolinks.js?body=1" for 127.0.0.1 at 2014-08-31 19:34:05 -0700


Started GET "/assets/jquery_ujs.js?body=1" for 127.0.0.1 at 2014-08-31 19:34:05 -0700


Started GET "/assets/jquery.js?body=1" for 127.0.0.1 at 2014-08-31 19:34:05 -0700


Started GET "/assets/application.css?body=1" for 127.0.0.1 at 2014-08-31 19:34:05 -0700


Started GET "/assets/application.js?body=1" for 127.0.0.1 at 2014-08-31 19:34:05 -0700
